<?xml version="1.0" encoding="UTF-8"?>
<!-- Generated by org.testng.reporters.JUnitReportReporter -->
<testsuite hostname="DTBLR01LP124" name="com.TestCaseWhiteBoard.TopToolBarFunctionalities" tests="7" failures="0" timestamp="12 Apr 2023 11:47:11 GMT" time="157.310" errors="0">
  <testcase name="MyBoardUpload" time="27.703" classname="com.TestCaseWhiteBoard.TopToolBarFunctionalities"/>
  <testcase name="MyBoardDownload" time="11.401" classname="com.TestCaseWhiteBoard.TopToolBarFunctionalities"/>
  <testcase name="Lesson" time="10.649" classname="com.TestCaseWhiteBoard.TopToolBarFunctionalities"/>
  <testcase name="StudentDemo" time="29.969" classname="com.TestCaseWhiteBoard.TopToolBarFunctionalities"/>
  <testcase name="UndoRedoZoom" time="38.765" classname="com.TestCaseWhiteBoard.TopToolBarFunctionalities"/>
  <testcase name="LanguageChange" time="6.788" classname="com.TestCaseWhiteBoard.TopToolBarFunctionalities"/>
  <testcase name="ColourPenThickness" time="32.035" classname="com.TestCaseWhiteBoard.TopToolBarFunctionalities"/>
</testsuite> <!-- com.TestCaseWhiteBoard.TopToolBarFunctionalities -->
