<?xml version="1.0" encoding="UTF-8"?>
<!-- Generated by org.testng.reporters.JUnitReportReporter -->
<testsuite hostname="DTBLR01LP124" name="com.TestCaseWhiteBoard.TopToolBarFunctionalities" tests="7" failures="0" timestamp="7 Apr 2023 10:42:49 GMT" time="157.233" errors="0">
  <testcase name="Lesson" time="10.740" classname="com.TestCaseWhiteBoard.TopToolBarFunctionalities"/>
  <testcase name="MyBoardUpload" time="27.697" classname="com.TestCaseWhiteBoard.TopToolBarFunctionalities"/>
  <testcase name="StudentDemo" time="29.881" classname="com.TestCaseWhiteBoard.TopToolBarFunctionalities"/>
  <testcase name="ColourPenThickness" time="31.871" classname="com.TestCaseWhiteBoard.TopToolBarFunctionalities"/>
  <testcase name="LanguageChange" time="6.996" classname="com.TestCaseWhiteBoard.TopToolBarFunctionalities"/>
  <testcase name="UndoRedoZoom" time="38.653" classname="com.TestCaseWhiteBoard.TopToolBarFunctionalities"/>
  <testcase name="MyBoardDownload" time="11.395" classname="com.TestCaseWhiteBoard.TopToolBarFunctionalities"/>
</testsuite> <!-- com.TestCaseWhiteBoard.TopToolBarFunctionalities -->
