<?xml version="1.0" encoding="UTF-8"?>
<!-- Generated by org.testng.reporters.JUnitReportReporter -->
<testsuite hostname="DTBLR01LP124" name="com.TestCaseWhiteBoard.RightToolBarFunctionalities" tests="2" failures="0" timestamp="12 Apr 2023 11:47:11 GMT" time="59.248" errors="0">
  <testcase name="WidgetYouTube" time="36.359" classname="com.TestCaseWhiteBoard.RightToolBarFunctionalities"/>
  <testcase name="GizmosTool" time="22.889" classname="com.TestCaseWhiteBoard.RightToolBarFunctionalities"/>
</testsuite> <!-- com.TestCaseWhiteBoard.RightToolBarFunctionalities -->
