<?xml version="1.0" encoding="UTF-8"?>
<!-- Generated by org.testng.reporters.JUnitReportReporter -->
<testsuite hostname="DTBLR01LP124" name="com.TestCaseWhiteBoard.LeftToolBarFunctionalities" tests="9" failures="0" timestamp="7 Apr 2023 10:42:49 GMT" time="112.801" errors="0">
  <testcase name="WhiteOut" time="12.289" classname="com.TestCaseWhiteBoard.LeftToolBarFunctionalities"/>
  <testcase name="ClicknType" time="11.817" classname="com.TestCaseWhiteBoard.LeftToolBarFunctionalities"/>
  <testcase name="ShapeCircle" time="6.735" classname="com.TestCaseWhiteBoard.LeftToolBarFunctionalities"/>
  <testcase name="ShapeTriangle" time="7.063" classname="com.TestCaseWhiteBoard.LeftToolBarFunctionalities"/>
  <testcase name="ShapePolygon" time="6.921" classname="com.TestCaseWhiteBoard.LeftToolBarFunctionalities"/>
  <testcase name="ClearGrid" time="12.867" classname="com.TestCaseWhiteBoard.LeftToolBarFunctionalities"/>
  <testcase name="GridTool" time="9.497" classname="com.TestCaseWhiteBoard.LeftToolBarFunctionalities"/>
  <testcase name="ContentUpload" time="25.970" classname="com.TestCaseWhiteBoard.LeftToolBarFunctionalities"/>
  <testcase name="PenDraw" time="19.642" classname="com.TestCaseWhiteBoard.LeftToolBarFunctionalities"/>
</testsuite> <!-- com.TestCaseWhiteBoard.LeftToolBarFunctionalities -->
