<?xml version="1.0" encoding="UTF-8"?>
<!-- Generated by org.testng.reporters.JUnitReportReporter -->
<testsuite hostname="DTBLR01LP124" name="com.TestCaseWhiteBoard.LowerToolBarFunctionalities" tests="3" failures="0" timestamp="5 Apr 2023 10:03:20 GMT" time="105.100" errors="0">
  <testcase name="RenameBoard" time="15.075" classname="com.TestCaseWhiteBoard.LowerToolBarFunctionalities"/>
  <testcase name="Login" time="45.102" classname="com.TestCaseWhiteBoard.LowerToolBarFunctionalities"/>
  <testcase name="PageNation" time="44.923" classname="com.TestCaseWhiteBoard.LowerToolBarFunctionalities"/>
</testsuite> <!-- com.TestCaseWhiteBoard.LowerToolBarFunctionalities -->
