<?xml version="1.0" encoding="UTF-8"?>
<!-- Generated by org.testng.reporters.JUnitReportReporter -->
<testsuite hostname="DTBLR01LP124" name="com.TestCaseWhiteBoard.RightToolBarFunctionalities" tests="2" failures="0" timestamp="5 Apr 2023 10:03:20 GMT" time="59.572" errors="0">
  <testcase name="WidgetYouTube" time="36.380" classname="com.TestCaseWhiteBoard.RightToolBarFunctionalities"/>
  <testcase name="GizmosTool" time="23.192" classname="com.TestCaseWhiteBoard.RightToolBarFunctionalities"/>
</testsuite> <!-- com.TestCaseWhiteBoard.RightToolBarFunctionalities -->
