<?xml version="1.0" encoding="UTF-8"?>
<!-- Generated by org.testng.reporters.JUnitReportReporter -->
<testsuite hostname="DTBLR01LP124" name="com.TestCaseWhiteBoard.LeftToolBarFunctionalities" tests="9" failures="0" timestamp="5 Apr 2023 10:03:20 GMT" time="113.932" errors="0">
  <testcase name="ShapeTriangle" time="7.162" classname="com.TestCaseWhiteBoard.LeftToolBarFunctionalities"/>
  <testcase name="ClearGrid" time="12.904" classname="com.TestCaseWhiteBoard.LeftToolBarFunctionalities"/>
  <testcase name="WhiteOut" time="12.319" classname="com.TestCaseWhiteBoard.LeftToolBarFunctionalities"/>
  <testcase name="ShapeCircle" time="6.779" classname="com.TestCaseWhiteBoard.LeftToolBarFunctionalities"/>
  <testcase name="PenDraw" time="20.231" classname="com.TestCaseWhiteBoard.LeftToolBarFunctionalities"/>
  <testcase name="ShapePolygon" time="6.971" classname="com.TestCaseWhiteBoard.LeftToolBarFunctionalities"/>
  <testcase name="GridTool" time="9.609" classname="com.TestCaseWhiteBoard.LeftToolBarFunctionalities"/>
  <testcase name="ContentUpload" time="26.099" classname="com.TestCaseWhiteBoard.LeftToolBarFunctionalities"/>
  <testcase name="ClicknType" time="11.858" classname="com.TestCaseWhiteBoard.LeftToolBarFunctionalities"/>
</testsuite> <!-- com.TestCaseWhiteBoard.LeftToolBarFunctionalities -->
