<?xml version="1.0" encoding="UTF-8"?>
<!-- Generated by org.testng.reporters.JUnitReportReporter -->
<testsuite hostname="DTBLR01LP124" name="com.TestCaseWhiteBoard.TopToolBarFunctionalities" tests="7" failures="0" timestamp="5 Apr 2023 10:03:20 GMT" time="152.324" errors="0">
  <testcase name="MyBoardDownload" time="8.360" classname="com.TestCaseWhiteBoard.TopToolBarFunctionalities"/>
  <testcase name="LanguageChange" time="6.820" classname="com.TestCaseWhiteBoard.TopToolBarFunctionalities"/>
  <testcase name="StudentDemo" time="29.873" classname="com.TestCaseWhiteBoard.TopToolBarFunctionalities"/>
  <testcase name="UndoRedoZoom" time="38.832" classname="com.TestCaseWhiteBoard.TopToolBarFunctionalities"/>
  <testcase name="ColourPenThickness" time="31.888" classname="com.TestCaseWhiteBoard.TopToolBarFunctionalities"/>
  <testcase name="MyBoardUpload" time="25.779" classname="com.TestCaseWhiteBoard.TopToolBarFunctionalities"/>
  <testcase name="Lesson" time="10.772" classname="com.TestCaseWhiteBoard.TopToolBarFunctionalities"/>
</testsuite> <!-- com.TestCaseWhiteBoard.TopToolBarFunctionalities -->
